Chronologic VCS simulator copyright 1991-2017
Contains Synopsys proprietary information.
Compiler version M-2017.03_Full64; Runtime version M-2017.03_Full64;  Dec  3 02:53 2024
time=         0 ************** Driver Is Initializing Input Signals *****************
time=         0 ************** Loading Arguments *****************
Simulation run with default random seed=12345
Simulation will timout after 50000000 cycles
Simulation will use test file /afs/ir.stanford.edu/class/ee271/project/vect/vec_271_01_sv.dat
Seed=      12345 
time=     15000 ************** Driver Is Initializing Test from File *****************
Setting screen params: w=800 h=600 msaa=16
time=     30000 ************** Initializing FB and ZB *****************
time=     30010 ************** Finished Init FB and ZB *****************
time=     45000 ************** Runnning Test *****************
time=     45000 ************** Driver Is Runnning Test -->/afs/ir.stanford.edu/class/ee271/project/vect/vec_271_01_sv.dat<-- *****************
time=     49000 	         0 samples processed,          0 of them hit
time=     50000 	         0 samples processed,          0 of them hit
time=     51000 	         0 samples processed,          0 of them hit
time=     52000 	         0 samples processed,          0 of them hit
time=     53000 	         0 samples processed,          0 of them hit
time=     54000 	         0 samples processed,          0 of them hit
time=     55000 	         0 samples processed,          0 of them hit
time=     56000 	         0 samples processed,          0 of them hit
time=     57000 	         0 samples processed,          0 of them hit
time=     58000 	         0 samples processed,          0 of them hit
time= 104474000 	    100000 samples processed,      27993 of them hit
time= 209092000 	    200000 samples processed,      57389 of them hit
time= 313257000 	    300000 samples processed,      83180 of them hit
time= 313258000 	    300000 samples processed,      83180 of them hit
time= 418383000 	    400000 samples processed,     107377 of them hit
time= 528703000 	    500000 samples processed,     121892 of them hit
time= 645023000 	    600000 samples processed,     145190 of them hit
time= 749395000 	    700000 samples processed,     173592 of them hit
time= 853705000 	    800000 samples processed,     200609 of them hit
time= 957774000 	    900000 samples processed,     227641 of them hit
time=1061219000 	   1000000 samples processed,     245062 of them hit
time=1164110000 	   1100000 samples processed,     259035 of them hit
time=1270736000 	   1200000 samples processed,     272696 of them hit
time=1390558000 	   1300000 samples processed,     285729 of them hit
time=1497365000 	   1400000 samples processed,     303445 of them hit
time=1603845000 	   1500000 samples processed,     329592 of them hit
time=1707869000 	   1600000 samples processed,     356261 of them hit
time=1812126000 	   1700000 samples processed,     382814 of them hit
time=1925186000 	   1800000 samples processed,     405133 of them hit
time=2029493000 	   1900000 samples processed,     433763 of them hit
time=2134841000 	   2000000 samples processed,     461508 of them hit
time=2238751000 	   2100000 samples processed,     485288 of them hit
time=2341507000 	   2200000 samples processed,     503481 of them hit
time=2444647000 	   2300000 samples processed,     522586 of them hit
time=2444648000 	   2300000 samples processed,     522586 of them hit
time=2548295000 	   2400000 samples processed,     546482 of them hit
time=2652633000 	   2500000 samples processed,     571124 of them hit
time=2756496000 	   2600000 samples processed,     595405 of them hit
time=2860226000 	   2700000 samples processed,     618355 of them hit
time=2964958000 	   2800000 samples processed,     641070 of them hit
time=3073940000 	   2900000 samples processed,     663072 of them hit
time=3187499000 	   3000000 samples processed,     689518 of them hit
time=3309740000 	   3100000 samples processed,     714975 of them hit
time=3431962000 	   3200000 samples processed,     741800 of them hit
time=3536247000 	   3300000 samples processed,     769726 of them hit
time=3642267000 	   3400000 samples processed,     793264 of them hit
time=3751815000 	   3500000 samples processed,     820126 of them hit
time=3855737000 	   3600000 samples processed,     845857 of them hit
time=3959887000 	   3700000 samples processed,     872025 of them hit
time=4064519000 	   3800000 samples processed,     899548 of them hit
time=4168545000 	   3900000 samples processed,     925275 of them hit
time=4272570000 	   4000000 samples processed,     951027 of them hit
time=4376542000 	   4100000 samples processed,     979154 of them hit
time=4480889000 	   4200000 samples processed,    1008111 of them hit
time=4584836000 	   4300000 samples processed,    1033540 of them hit
time=4688780000 	   4400000 samples processed,    1060978 of them hit
time=4792676000 	   4500000 samples processed,    1088123 of them hit
time=4943485000 	   4600000 samples processed,    1115440 of them hit
time=5047510000 	   4700000 samples processed,    1142002 of them hit
time=5151457000 	   4800000 samples processed,    1167102 of them hit
time=5255462000 	   4900000 samples processed,    1193529 of them hit
time=5359815000 	   5000000 samples processed,    1221249 of them hit
time=5462968000 	   5100000 samples processed,    1240331 of them hit
time=5567338000 	   5200000 samples processed,    1268167 of them hit
time=5700039000 	   5300000 samples processed,    1290529 of them hit
time=5806007000 	   5400000 samples processed,    1315221 of them hit
time=5917826000 	   5500000 samples processed,    1340839 of them hit
time=6022141000 	   5600000 samples processed,    1368689 of them hit
time=6126442000 	   5700000 samples processed,    1397529 of them hit
time=6230576000 	   5800000 samples processed,    1424392 of them hit
time=6334405000 	   5900000 samples processed,    1450203 of them hit
time=6438508000 	   6000000 samples processed,    1477492 of them hit
time=6542563000 	   6100000 samples processed,    1502835 of them hit
time=6646390000 	   6200000 samples processed,    1527678 of them hit
time=6750311000 	   6300000 samples processed,    1552812 of them hit
time=6855141000 	   6400000 samples processed,    1575687 of them hit
time=6959227000 	   6500000 samples processed,    1593650 of them hit
time=7087849000 	   6600000 samples processed,    1611547 of them hit
time=7203846000 	   6700000 samples processed,    1637102 of them hit
time=7320072000 	   6800000 samples processed,    1654913 of them hit
time=7425406000 	   6900000 samples processed,    1683366 of them hit
time=7529806000 	   7000000 samples processed,    1712627 of them hit
time=7634132000 	   7100000 samples processed,    1739338 of them hit
time=7738264000 	   7200000 samples processed,    1767138 of them hit
time=7842458000 	   7300000 samples processed,    1795240 of them hit
time=7946565000 	   7400000 samples processed,    1823963 of them hit
time=8050648000 	   7500000 samples processed,    1850231 of them hit
time=8154783000 	   7600000 samples processed,    1874398 of them hit
time=8259128000 	   7700000 samples processed,    1901027 of them hit
time=8365292000 	   7800000 samples processed,    1924104 of them hit
time=8365293000 	   7800000 samples processed,    1924104 of them hit
time=8469437000 	   7900000 samples processed,    1945467 of them hit
time=8572743000 	   8000000 samples processed,    1963617 of them hit
time=8718516000 	   8100000 samples processed,    1986019 of them hit
time=8822572000 	   8200000 samples processed,    2011793 of them hit
time=8926498000 	   8300000 samples processed,    2033859 of them hit
time=9030515000 	   8400000 samples processed,    2060523 of them hit
time=9135892000 	   8500000 samples processed,    2085384 of them hit
time=9239869000 	   8600000 samples processed,    2111856 of them hit
time=9345414000 	   8700000 samples processed,    2136035 of them hit
time=9453321000 	   8800000 samples processed,    2158945 of them hit
time=9567248000 	   8900000 samples processed,    2169428 of them hit
time=9684700000 	   9000000 samples processed,    2193073 of them hit
time=9788706000 	   9100000 samples processed,    2216748 of them hit
time=9893339000 	   9200000 samples processed,    2243682 of them hit
time=10003776000 	   9300000 samples processed,    2265892 of them hit
time=10111853000 	   9400000 samples processed,    2285094 of them hit
time=10111854000 	   9400000 samples processed,    2285094 of them hit
time=10217771000 	   9500000 samples processed,    2306587 of them hit
time=10333204000 	   9600000 samples processed,    2330441 of them hit
time=10438379000 	   9700000 samples processed,    2356189 of them hit
time=10544356000 	   9800000 samples processed,    2381203 of them hit
time=10654720000 	   9900000 samples processed,    2403131 of them hit
time=10760127000 	  10000000 samples processed,    2426251 of them hit
time=10868109000 	  10100000 samples processed,    2449026 of them hit
time=10975973000 	  10200000 samples processed,    2473803 of them hit
time=11090613000 	  10300000 samples processed,    2499272 of them hit
time=11194938000 	  10400000 samples processed,    2525592 of them hit
time=11194939000 	  10400000 samples processed,    2525592 of them hit
time=11194940000 	  10400000 samples processed,    2525592 of them hit
time=11194941000 	  10400000 samples processed,    2525592 of them hit
time=11194942000 	  10400000 samples processed,    2525592 of them hit
time=11194943000 	  10400000 samples processed,    2525592 of them hit
time=11194944000 	  10400000 samples processed,    2525592 of them hit
time=11194945000 	  10400000 samples processed,    2525592 of them hit
time=11194946000 	  10400000 samples processed,    2525592 of them hit
time=11194947000 	  10400000 samples processed,    2525592 of them hit
time=11194948000 	  10400000 samples processed,    2525592 of them hit
time=11194949000 	  10400000 samples processed,    2525592 of them hit
time=11194950000 	  10400000 samples processed,    2525592 of them hit
time=11194951000 	  10400000 samples processed,    2525592 of them hit
time=11194952000 	  10400000 samples processed,    2525592 of them hit
time=11194953000 	  10400000 samples processed,    2525592 of them hit
time=11194954000 	  10400000 samples processed,    2525592 of them hit
time=11194955000 	  10400000 samples processed,    2525592 of them hit
time=11194956000 	  10400000 samples processed,    2525592 of them hit
time=11194957000 	  10400000 samples processed,    2525592 of them hit
time=11194958000 	  10400000 samples processed,    2525592 of them hit
time=11194959000 	  10400000 samples processed,    2525592 of them hit
time=11194960000 	  10400000 samples processed,    2525592 of them hit
time=11194961000 	  10400000 samples processed,    2525592 of them hit
time=11194962000 	  10400000 samples processed,    2525592 of them hit
time=11194963000 	  10400000 samples processed,    2525592 of them hit
time=11194964000 	  10400000 samples processed,    2525592 of them hit
time=11194965000 	  10400000 samples processed,    2525592 of them hit
time=11194966000 	  10400000 samples processed,    2525592 of them hit
time=11194967000 	  10400000 samples processed,    2525592 of them hit
time=11194968000 	  10400000 samples processed,    2525592 of them hit
time=11194969000 	  10400000 samples processed,    2525592 of them hit
time=11194970000 	  10400000 samples processed,    2525592 of them hit
time=11194971000 	  10400000 samples processed,    2525592 of them hit
time=11194972000 	  10400000 samples processed,    2525592 of them hit
time=11194973000 	  10400000 samples processed,    2525592 of them hit
time=11194974000 	  10400000 samples processed,    2525592 of them hit
time=11194975000 	  10400000 samples processed,    2525592 of them hit
time=11194976000 	  10400000 samples processed,    2525592 of them hit
time=11194977000 	  10400000 samples processed,    2525592 of them hit
time=11194978000 	  10400000 samples processed,    2525592 of them hit
time=11300771000 	  10500000 samples processed,    2549767 of them hit
time=11418171000 	  10600000 samples processed,    2573819 of them hit
time=11525695000 	  10700000 samples processed,    2598052 of them hit
time=11611964000 ************** Driver Is Done *****************
time=11611979010 ************** Writing Final Image to File *****************
time=11611979030 ************** Finished Final Image to File *****************
time=11611979040 ********************FINISH***********************
Cycles:    11611931 triangle:      834537 sampleTests:    10777364 sampleHits:     2617845 

JJ: triangle / cycle : 0.071869 
JJ: cycle / triangle : 13.914220 
$finish called from file "verif/testbench.sv", line 306.
$finish at simulation time          11611979040
           V C S   S i m u l a t i o n   R e p o r t 
Time: 11611979040 ns
CPU Time:    469.290 seconds;       Data structure size:   0.2Mb
Tue Dec  3 03:01:19 2024
